[08-May-2024 16:03:04 UTC] PHP Deprecated:  Hook http_api_transports is deprecated since version 6.4.0 with no alternative available. in /wordpress/wp-includes/functions.php on line 135
[08-May-2024 16:08:27 UTC] PHP Deprecated:  Hook http_api_transports is deprecated since version 6.4.0 with no alternative available. in /wordpress/wp-includes/functions.php on line 135
[08-May-2024 16:08:42 UTC] PHP Deprecated:  Hook http_api_transports is deprecated since version 6.4.0 with no alternative available. in /wordpress/wp-includes/functions.php on line 135
[08-May-2024 16:08:57 UTC] PHP Deprecated:  Hook http_api_transports is deprecated since version 6.4.0 with no alternative available. in /wordpress/wp-includes/functions.php on line 135
[08-May-2024 16:09:06 UTC] PHP Deprecated:  Hook http_api_transports is deprecated since version 6.4.0 with no alternative available. in /wordpress/wp-includes/functions.php on line 135
[08-May-2024 16:09:09 UTC] PHP Deprecated:  Hook http_api_transports is deprecated since version 6.4.0 with no alternative available. in /wordpress/wp-includes/functions.php on line 135
[08-May-2024 16:09:37 UTC] PHP Deprecated:  Hook http_api_transports is deprecated since version 6.4.0 with no alternative available. in /wordpress/wp-includes/functions.php on line 135
[08-May-2024 16:09:43 UTC] PHP Deprecated:  Hook http_api_transports is deprecated since version 6.4.0 with no alternative available. in /wordpress/wp-includes/functions.php on line 135
[08-May-2024 16:09:51 UTC] PHP Deprecated:  Hook http_api_transports is deprecated since version 6.4.0 with no alternative available. in /wordpress/wp-includes/functions.php on line 135
[08-May-2024 16:10:19 UTC] PHP Deprecated:  Hook http_api_transports is deprecated since version 6.4.0 with no alternative available. in /wordpress/wp-includes/functions.php on line 135
[08-May-2024 16:10:41 UTC] PHP Deprecated:  Hook http_api_transports is deprecated since version 6.4.0 with no alternative available. in /wordpress/wp-includes/functions.php on line 135
[08-May-2024 16:10:56 UTC] PHP Deprecated:  Hook http_api_transports is deprecated since version 6.4.0 with no alternative available. in /wordpress/wp-includes/functions.php on line 135
[08-May-2024 16:50:52 UTC] PHP Warning:  file_get_contents(/wordpress/wp-includes/css/classic-themes.min.css): Failed to open stream: No such file or directory in /wordpress/wp-includes/script-loader.php on line 14
[08-May-2024 16:50:55 UTC] PHP Deprecated:  Hook http_api_transports is deprecated since version 6.4.0 with no alternative available. in /wordpress/wp-includes/functions.php on line 135
[08-May-2024 16:52:34 UTC] PHP Deprecated:  Hook http_api_transports is deprecated since version 6.4.0 with no alternative available. in /wordpress/wp-includes/functions.php on line 135
[08-May-2024 16:54:09 UTC] PHP Deprecated:  Hook http_api_transports is deprecated since version 6.4.0 with no alternative available. in /wordpress/wp-includes/functions.php on line 135
[08-May-2024 16:54:19 UTC] PHP Deprecated:  Hook http_api_transports is deprecated since version 6.4.0 with no alternative available. in /wordpress/wp-includes/functions.php on line 135
[08-May-2024 16:54:31 UTC] PHP Deprecated:  Hook http_api_transports is deprecated since version 6.4.0 with no alternative available. in /wordpress/wp-includes/functions.php on line 135
[08-May-2024 16:54:33 UTC] PHP Deprecated:  Hook http_api_transports is deprecated since version 6.4.0 with no alternative available. in /wordpress/wp-includes/functions.php on line 135
[08-May-2024 16:54:40 UTC] PHP Warning:  file_get_contents(/wordpress/wp-includes/css/classic-themes.min.css): Failed to open stream: No such file or directory in /wordpress/wp-includes/script-loader.php on line 14
[08-May-2024 16:55:05 UTC] PHP Warning:  file_get_contents(/wordpress/wp-includes/css/classic-themes.min.css): Failed to open stream: No such file or directory in /wordpress/wp-includes/script-loader.php on line 14
[08-May-2024 16:56:43 UTC] PHP Warning:  file_get_contents(/wordpress/wp-includes/css/classic-themes.min.css): Failed to open stream: No such file or directory in /wordpress/wp-includes/script-loader.php on line 14
[08-May-2024 16:57:04 UTC] PHP Warning:  file_get_contents(/wordpress/wp-includes/css/classic-themes.min.css): Failed to open stream: No such file or directory in /wordpress/wp-includes/script-loader.php on line 14
[08-May-2024 16:57:15 UTC] PHP Warning:  file_get_contents(/wordpress/wp-includes/css/classic-themes.min.css): Failed to open stream: No such file or directory in /wordpress/wp-includes/script-loader.php on line 14
[08-May-2024 16:57:21 UTC] PHP Warning:  file_get_contents(/wordpress/wp-includes/css/classic-themes.min.css): Failed to open stream: No such file or directory in /wordpress/wp-includes/script-loader.php on line 14
[08-May-2024 16:57:57 UTC] PHP Warning:  file_get_contents(/wordpress/wp-includes/css/classic-themes.min.css): Failed to open stream: No such file or directory in /wordpress/wp-includes/script-loader.php on line 14
[08-May-2024 17:43:22 UTC] PHP Warning:  file_get_contents(/wordpress/wp-includes/css/classic-themes.min.css): Failed to open stream: No such file or directory in /wordpress/wp-includes/script-loader.php on line 14
[08-May-2024 17:43:39 UTC] PHP Warning:  file_get_contents(/wordpress/wp-includes/css/classic-themes.min.css): Failed to open stream: No such file or directory in /wordpress/wp-includes/script-loader.php on line 14
[08-May-2024 17:45:19 UTC] PHP Warning:  file_get_contents(/wordpress/wp-includes/css/classic-themes.min.css): Failed to open stream: No such file or directory in /wordpress/wp-includes/script-loader.php on line 14
[08-May-2024 17:45:26 UTC] PHP Warning:  file_get_contents(/wordpress/wp-includes/css/classic-themes.min.css): Failed to open stream: No such file or directory in /wordpress/wp-includes/script-loader.php on line 14
[08-May-2024 17:47:02 UTC] PHP Warning:  file_get_contents(/wordpress/wp-includes/css/classic-themes.min.css): Failed to open stream: No such file or directory in /wordpress/wp-includes/script-loader.php on line 14
[08-May-2024 17:47:23 UTC] PHP Warning:  file_get_contents(/wordpress/wp-includes/css/classic-themes.min.css): Failed to open stream: No such file or directory in /wordpress/wp-includes/script-loader.php on line 14
[08-May-2024 17:47:57 UTC] PHP Warning:  file_get_contents(/wordpress/wp-includes/css/classic-themes.min.css): Failed to open stream: No such file or directory in /wordpress/wp-includes/script-loader.php on line 14
[08-May-2024 17:49:28 UTC] PHP Warning:  file_get_contents(/wordpress/wp-includes/css/classic-themes.min.css): Failed to open stream: No such file or directory in /wordpress/wp-includes/script-loader.php on line 14
[08-May-2024 17:51:09 UTC] PHP Deprecated:  Hook http_api_transports is deprecated since version 6.4.0 with no alternative available. in /wordpress/wp-includes/functions.php on line 135
[08-May-2024 17:51:17 UTC] PHP Deprecated:  Hook http_api_transports is deprecated since version 6.4.0 with no alternative available. in /wordpress/wp-includes/functions.php on line 135
[08-May-2024 17:51:21 UTC] PHP Deprecated:  Hook http_api_transports is deprecated since version 6.4.0 with no alternative available. in /wordpress/wp-includes/functions.php on line 135
[08-May-2024 17:51:41 UTC] PHP Deprecated:  Hook http_api_transports is deprecated since version 6.4.0 with no alternative available. in /wordpress/wp-includes/functions.php on line 135
[08-May-2024 17:52:30 UTC] PHP Warning:  file_get_contents(/wordpress/wp-includes/css/classic-themes.min.css): Failed to open stream: No such file or directory in /wordpress/wp-includes/script-loader.php on line 14
[08-May-2024 17:53:41 UTC] PHP Warning:  file_get_contents(/wordpress/wp-includes/css/classic-themes.min.css): Failed to open stream: No such file or directory in /wordpress/wp-includes/script-loader.php on line 14
[08-May-2024 17:53:48 UTC] PHP Deprecated:  Hook http_api_transports is deprecated since version 6.4.0 with no alternative available. in /wordpress/wp-includes/functions.php on line 135
[08-May-2024 17:55:16 UTC] PHP Warning:  file_get_contents(/wordpress/wp-includes/css/classic-themes.min.css): Failed to open stream: No such file or directory in /wordpress/wp-includes/script-loader.php on line 14
[08-May-2024 17:55:20 UTC] PHP Warning:  file_get_contents(/wordpress/wp-includes/css/classic-themes.min.css): Failed to open stream: No such file or directory in /wordpress/wp-includes/script-loader.php on line 14
[08-May-2024 17:55:34 UTC] PHP Warning:  file_get_contents(/wordpress/wp-includes/css/classic-themes.min.css): Failed to open stream: No such file or directory in /wordpress/wp-includes/script-loader.php on line 14
[08-May-2024 17:55:42 UTC] PHP Warning:  file_get_contents(/wordpress/wp-includes/css/classic-themes.min.css): Failed to open stream: No such file or directory in /wordpress/wp-includes/script-loader.php on line 14
[08-May-2024 17:56:59 UTC] PHP Deprecated:  Hook http_api_transports is deprecated since version 6.4.0 with no alternative available. in /wordpress/wp-includes/functions.php on line 135
[08-May-2024 17:57:06 UTC] PHP Deprecated:  Hook http_api_transports is deprecated since version 6.4.0 with no alternative available. in /wordpress/wp-includes/functions.php on line 135
[08-May-2024 17:57:20 UTC] PHP Deprecated:  Hook http_api_transports is deprecated since version 6.4.0 with no alternative available. in /wordpress/wp-includes/functions.php on line 135
[08-May-2024 17:57:42 UTC] PHP Deprecated:  Hook http_api_transports is deprecated since version 6.4.0 with no alternative available. in /wordpress/wp-includes/functions.php on line 135
[08-May-2024 17:58:03 UTC] PHP Deprecated:  Hook http_api_transports is deprecated since version 6.4.0 with no alternative available. in /wordpress/wp-includes/functions.php on line 135
[08-May-2024 18:01:45 UTC] PHP Warning:  file_get_contents(/wordpress/wp-includes/css/classic-themes.min.css): Failed to open stream: No such file or directory in /wordpress/wp-includes/script-loader.php on line 14
[08-May-2024 18:03:28 UTC] PHP Fatal error:  Uncaught Error: [] operator not supported for strings in /wordpress/wp-content/plugins/ecommerce-product-catalog/includes/settings/tooltips.php:218
Stack trace:
#0 /wordpress/wp-includes/class-wp-hook.php(3): implecode_ajax_wp_tooltip_hide('')
#1 /wordpress/wp-includes/class-wp-hook.php(3): WP_Hook->apply_filters('', Array)
#2 /wordpress/wp-includes/plugin.php(2): WP_Hook->do_action(Array)
#3 /wordpress/wp-admin/admin-ajax.php(2): do_action('wp_ajax_impleco...')
#4 {main}
  thrown in /wordpress/wp-content/plugins/ecommerce-product-catalog/includes/settings/tooltips.php on line 218
[08-May-2024 18:05:34 UTC] PHP Warning:  file_get_contents(/wordpress/wp-includes/css/classic-themes.min.css): Failed to open stream: No such file or directory in /wordpress/wp-includes/script-loader.php on line 14
[08-May-2024 18:06:34 UTC] PHP Warning:  file_get_contents(/wordpress/wp-includes/css/classic-themes.min.css): Failed to open stream: No such file or directory in /wordpress/wp-includes/script-loader.php on line 14
[08-May-2024 18:06:38 UTC] PHP Warning:  file_get_contents(/wordpress/wp-includes/css/classic-themes.min.css): Failed to open stream: No such file or directory in /wordpress/wp-includes/script-loader.php on line 14
[08-May-2024 18:06:49 UTC] PHP Warning:  file_get_contents(/wordpress/wp-includes/css/classic-themes.min.css): Failed to open stream: No such file or directory in /wordpress/wp-includes/script-loader.php on line 14
[08-May-2024 18:07:07 UTC] PHP Warning:  file_get_contents(/wordpress/wp-includes/css/classic-themes.min.css): Failed to open stream: No such file or directory in /wordpress/wp-includes/script-loader.php on line 14
[08-May-2024 18:08:21 UTC] PHP Warning:  file_get_contents(/wordpress/wp-includes/css/classic-themes.min.css): Failed to open stream: No such file or directory in /wordpress/wp-includes/script-loader.php on line 14
[08-May-2024 18:08:31 UTC] PHP Warning:  file_get_contents(/wordpress/wp-includes/css/classic-themes.min.css): Failed to open stream: No such file or directory in /wordpress/wp-includes/script-loader.php on line 14
[08-May-2024 18:09:40 UTC] PHP Warning:  file_get_contents(/wordpress/wp-includes/css/classic-themes.min.css): Failed to open stream: No such file or directory in /wordpress/wp-includes/script-loader.php on line 14
[08-May-2024 18:09:47 UTC] PHP Warning:  file_get_contents(/wordpress/wp-includes/css/classic-themes.min.css): Failed to open stream: No such file or directory in /wordpress/wp-includes/script-loader.php on line 14
[08-May-2024 18:10:37 UTC] PHP Warning:  file_get_contents(/wordpress/wp-includes/css/classic-themes.min.css): Failed to open stream: No such file or directory in /wordpress/wp-includes/script-loader.php on line 14
[08-May-2024 18:10:44 UTC] PHP Warning:  file_get_contents(/wordpress/wp-includes/css/classic-themes.min.css): Failed to open stream: No such file or directory in /wordpress/wp-includes/script-loader.php on line 14
[08-May-2024 18:12:05 UTC] PHP Warning:  file_get_contents(/wordpress/wp-includes/css/classic-themes.min.css): Failed to open stream: No such file or directory in /wordpress/wp-includes/script-loader.php on line 14
[08-May-2024 18:13:09 UTC] PHP Warning:  file_get_contents(/wordpress/wp-includes/css/classic-themes.min.css): Failed to open stream: No such file or directory in /wordpress/wp-includes/script-loader.php on line 14
[08-May-2024 18:13:42 UTC] PHP Warning:  file_get_contents(/wordpress/wp-includes/css/classic-themes.min.css): Failed to open stream: No such file or directory in /wordpress/wp-includes/script-loader.php on line 14
[08-May-2024 18:13:57 UTC] PHP Warning:  file_get_contents(/wordpress/wp-includes/css/classic-themes.min.css): Failed to open stream: No such file or directory in /wordpress/wp-includes/script-loader.php on line 14
[08-May-2024 18:17:02 UTC] PHP Warning:  file_get_contents(/wordpress/wp-includes/css/classic-themes.min.css): Failed to open stream: No such file or directory in /wordpress/wp-includes/script-loader.php on line 14
[08-May-2024 18:21:41 UTC] PHP Warning:  file_get_contents(/wordpress/wp-includes/css/classic-themes.min.css): Failed to open stream: No such file or directory in /wordpress/wp-includes/script-loader.php on line 14
[08-May-2024 18:25:19 UTC] PHP Deprecated:  Hook http_api_transports is deprecated since version 6.4.0 with no alternative available. in /wordpress/wp-includes/functions.php on line 135
[08-May-2024 18:25:29 UTC] PHP Deprecated:  Hook http_api_transports is deprecated since version 6.4.0 with no alternative available. in /wordpress/wp-includes/functions.php on line 135
[08-May-2024 18:25:53 UTC] PHP Deprecated:  Hook http_api_transports is deprecated since version 6.4.0 with no alternative available. in /wordpress/wp-includes/functions.php on line 135
[08-May-2024 18:26:42 UTC] PHP Deprecated:  Hook http_api_transports is deprecated since version 6.4.0 with no alternative available. in /wordpress/wp-includes/functions.php on line 135
[08-May-2024 18:27:08 UTC] PHP Fatal error:  Uncaught Error: Undefined constant "GLOB_BRACE" in /wordpress/wp-content/plugins/wp-child-theme-generator/wp-easy-child/wp-easy-child.php:117
Stack trace:
#0 /wordpress/wp-includes/class-wp-hook.php(3): wctg_easy_child_theme('')
#1 /wordpress/wp-includes/class-wp-hook.php(3): WP_Hook->apply_filters(NULL, Array)
#2 /wordpress/wp-includes/plugin.php(2): WP_Hook->do_action(Array)
#3 /wordpress/wp-settings.php(2): do_action('init')
#4 /wordpress/wp-config.php(104): require_once('/wordpress/wp-s...')
#5 /wordpress/wp-load.php(2): require_once('/wordpress/wp-c...')
#6 /wordpress/wp-admin/admin.php(2): require_once('/wordpress/wp-l...')
#7 /wordpress/wp-admin/index.php(2): require_once('/wordpress/wp-a...')
#8 {main}
  thrown in /wordpress/wp-content/plugins/wp-child-theme-generator/wp-easy-child/wp-easy-child.php on line 117
[08-May-2024 18:28:16 UTC] PHP Fatal error:  Uncaught Error: Undefined constant "GLOB_BRACE" in /wordpress/wp-content/plugins/wp-child-theme-generator/wp-easy-child/wp-easy-child.php:117
Stack trace:
#0 /wordpress/wp-includes/class-wp-hook.php(3): wctg_easy_child_theme('')
#1 /wordpress/wp-includes/class-wp-hook.php(3): WP_Hook->apply_filters(NULL, Array)
#2 /wordpress/wp-includes/plugin.php(2): WP_Hook->do_action(Array)
#3 /wordpress/wp-settings.php(2): do_action('init')
#4 /wordpress/wp-config.php(104): require_once('/wordpress/wp-s...')
#5 /wordpress/wp-load.php(2): require_once('/wordpress/wp-c...')
#6 /wordpress/wp-admin/admin.php(2): require_once('/wordpress/wp-l...')
#7 /wordpress/wp-admin/index.php(2): require_once('/wordpress/wp-a...')
#8 {main}
  thrown in /wordpress/wp-content/plugins/wp-child-theme-generator/wp-easy-child/wp-easy-child.php on line 117
[08-May-2024 18:50:55 UTC] PHP Deprecated:  Hook http_api_transports is deprecated since version 6.4.0 with no alternative available. in /wordpress/wp-includes/functions.php on line 135
[08-May-2024 18:51:01 UTC] PHP Deprecated:  Hook http_api_transports is deprecated since version 6.4.0 with no alternative available. in /wordpress/wp-includes/functions.php on line 135
[08-May-2024 18:51:58 UTC] PHP Deprecated:  Hook http_api_transports is deprecated since version 6.4.0 with no alternative available. in /wordpress/wp-includes/functions.php on line 135
[08-May-2024 18:52:03 UTC] PHP Deprecated:  Hook http_api_transports is deprecated since version 6.4.0 with no alternative available. in /wordpress/wp-includes/functions.php on line 135
[08-May-2024 18:52:05 UTC] PHP Deprecated:  Hook http_api_transports is deprecated since version 6.4.0 with no alternative available. in /wordpress/wp-includes/functions.php on line 135
[08-May-2024 18:52:09 UTC] PHP Deprecated:  Hook http_api_transports is deprecated since version 6.4.0 with no alternative available. in /wordpress/wp-includes/functions.php on line 135
[08-May-2024 18:52:28 UTC] PHP Deprecated:  Hook http_api_transports is deprecated since version 6.4.0 with no alternative available. in /wordpress/wp-includes/functions.php on line 135
[08-May-2024 18:52:45 UTC] PHP Deprecated:  Hook http_api_transports is deprecated since version 6.4.0 with no alternative available. in /wordpress/wp-includes/functions.php on line 135
[08-May-2024 18:52:48 UTC] PHP Deprecated:  Hook http_api_transports is deprecated since version 6.4.0 with no alternative available. in /wordpress/wp-includes/functions.php on line 135
[08-May-2024 18:52:57 UTC] PHP Deprecated:  Hook http_api_transports is deprecated since version 6.4.0 with no alternative available. in /wordpress/wp-includes/functions.php on line 135
[08-May-2024 18:53:07 UTC] PHP Deprecated:  Hook http_api_transports is deprecated since version 6.4.0 with no alternative available. in /wordpress/wp-includes/functions.php on line 135
[08-May-2024 18:53:19 UTC] PHP Deprecated:  Hook http_api_transports is deprecated since version 6.4.0 with no alternative available. in /wordpress/wp-includes/functions.php on line 135
[08-May-2024 18:53:30 UTC] PHP Deprecated:  Hook http_api_transports is deprecated since version 6.4.0 with no alternative available. in /wordpress/wp-includes/functions.php on line 135
[08-May-2024 18:58:00 UTC] PHP Warning:  file_get_contents(/wordpress/wp-includes/css/classic-themes.min.css): Failed to open stream: No such file or directory in /wordpress/wp-includes/script-loader.php on line 14
[08-May-2024 18:58:32 UTC] PHP Fatal error:  Uncaught Error: Undefined constant "GLOB_BRACE" in /wordpress/wp-content/plugins/wp-child-theme-generator/wp-custom-child/wp-custom-child.php:78
Stack trace:
#0 /wordpress/wp-includes/class-wp-hook.php(3): wctg_custom_child_theme_process('')
#1 /wordpress/wp-includes/class-wp-hook.php(3): WP_Hook->apply_filters('', Array)
#2 /wordpress/wp-includes/plugin.php(2): WP_Hook->do_action(Array)
#3 /wordpress/wp-admin/admin-post.php(2): do_action('admin_post_chil...')
#4 {main}
  thrown in /wordpress/wp-content/plugins/wp-child-theme-generator/wp-custom-child/wp-custom-child.php on line 78
[08-May-2024 19:21:13 UTC] PHP Warning:  file_get_contents(/wordpress/wp-includes/css/classic-themes.min.css): Failed to open stream: No such file or directory in /wordpress/wp-includes/script-loader.php on line 14
[08-May-2024 19:21:31 UTC] PHP Deprecated:  Hook http_api_transports is deprecated since version 6.4.0 with no alternative available. in /wordpress/wp-includes/functions.php on line 135
[08-May-2024 19:24:17 UTC] PHP Warning:  file_get_contents(/wordpress/wp-includes/css/classic-themes.min.css): Failed to open stream: No such file or directory in /wordpress/wp-includes/script-loader.php on line 14
[08-May-2024 19:25:20 UTC] PHP Warning:  file_get_contents(/wordpress/wp-includes/css/classic-themes.min.css): Failed to open stream: No such file or directory in /wordpress/wp-includes/script-loader.php on line 14
[08-May-2024 19:25:54 UTC] PHP Warning:  file_get_contents(/wordpress/wp-includes/css/classic-themes.min.css): Failed to open stream: No such file or directory in /wordpress/wp-includes/script-loader.php on line 14
[08-May-2024 19:26:37 UTC] PHP Warning:  file_get_contents(/wordpress/wp-includes/css/classic-themes.min.css): Failed to open stream: No such file or directory in /wordpress/wp-includes/script-loader.php on line 14
[08-May-2024 19:26:56 UTC] PHP Warning:  file_get_contents(/wordpress/wp-includes/css/classic-themes.min.css): Failed to open stream: No such file or directory in /wordpress/wp-includes/script-loader.php on line 14
[08-May-2024 19:27:08 UTC] PHP Warning:  file_get_contents(/wordpress/wp-includes/css/classic-themes.min.css): Failed to open stream: No such file or directory in /wordpress/wp-includes/script-loader.php on line 14
[08-May-2024 19:27:37 UTC] PHP Warning:  file_get_contents(/wordpress/wp-includes/css/classic-themes.min.css): Failed to open stream: No such file or directory in /wordpress/wp-includes/script-loader.php on line 14
[08-May-2024 19:27:48 UTC] PHP Warning:  file_get_contents(/wordpress/wp-includes/css/classic-themes.min.css): Failed to open stream: No such file or directory in /wordpress/wp-includes/script-loader.php on line 14
[08-May-2024 19:28:02 UTC] PHP Warning:  file_get_contents(/wordpress/wp-includes/css/classic-themes.min.css): Failed to open stream: No such file or directory in /wordpress/wp-includes/script-loader.php on line 14
[08-May-2024 19:28:15 UTC] PHP Warning:  file_get_contents(/wordpress/wp-includes/css/classic-themes.min.css): Failed to open stream: No such file or directory in /wordpress/wp-includes/script-loader.php on line 14
[15-May-2024 02:25:19 UTC] PHP Deprecated:  Hook http_api_transports is deprecated since version 6.4.0 with no alternative available. in /wordpress/wp-includes/functions.php on line 135
[15-May-2024 02:26:22 UTC] PHP Deprecated:  Hook http_api_transports is deprecated since version 6.4.0 with no alternative available. in /wordpress/wp-includes/functions.php on line 135
[15-May-2024 02:26:37 UTC] PHP Deprecated:  Hook http_api_transports is deprecated since version 6.4.0 with no alternative available. in /wordpress/wp-includes/functions.php on line 135
